2024-11-11 07:26:57.013 [info] [main] Log level: Info
2024-11-11 07:26:57.013 [info] [main] Validating found git in: "git"
2024-11-11 07:26:57.013 [info] [main] Using git "2.34.1" from "git"
2024-11-11 07:26:57.013 [info] [Model][doInitialScan] Initial repository scan started
2024-11-11 07:26:57.014 [info] > git rev-parse --show-toplevel [11ms]
2024-11-11 07:26:57.014 [info] fatal: not a git repository (or any parent up to mount point /home)
Stopping at filesystem boundary (GIT_DISCOVERY_ACROSS_FILESYSTEM not set).
2024-11-11 07:26:57.014 [info] > git rev-parse --show-toplevel [5ms]
2024-11-11 07:26:57.014 [info] fatal: not a git repository (or any parent up to mount point /home)
Stopping at filesystem boundary (GIT_DISCOVERY_ACROSS_FILESYSTEM not set).
2024-11-11 07:26:57.018 [info] > git rev-parse --show-toplevel [14ms]
2024-11-11 07:26:57.019 [info] fatal: not a git repository (or any parent up to mount point /home)
Stopping at filesystem boundary (GIT_DISCOVERY_ACROSS_FILESYSTEM not set).
2024-11-11 07:26:57.024 [info] > git rev-parse --show-toplevel [3ms]
2024-11-11 07:26:57.025 [info] fatal: not a git repository (or any parent up to mount point /home)
Stopping at filesystem boundary (GIT_DISCOVERY_ACROSS_FILESYSTEM not set).
2024-11-11 07:26:57.025 [info] [Model][doInitialScan] Initial repository scan completed - repositories (0), closed repositories (0), parent repositories (0), unsafe repositories (0)
2024-11-11 07:26:57.785 [info] > git rev-parse --show-toplevel [11ms]
2024-11-11 07:26:57.786 [info] fatal: not a git repository (or any parent up to mount point /home)
Stopping at filesystem boundary (GIT_DISCOVERY_ACROSS_FILESYSTEM not set).
2024-11-11 07:27:08.811 [info] > git rev-parse --show-toplevel [7ms]
2024-11-11 07:27:08.811 [info] fatal: not a git repository (or any parent up to mount point /home)
Stopping at filesystem boundary (GIT_DISCOVERY_ACROSS_FILESYSTEM not set).
